# JRE version: 7.0_25-b17
# Java VM: Java HotSpot(TM) 64-Bit Server VM (23.25-b01 mixed mode windows-amd64 compressed oops)
Heap
 PSYoungGen      total 37120K, used 22402K [0x00000007d6960000, 0x00000007d92c0000, 0x0000000800000000)
  eden space 31872K, 53% used [0x00000007d6960000,0x00000007d7a281c0,0x00000007d8880000)
  from space 5248K, 99% used [0x00000007d8da0000,0x00000007d92b8850,0x00000007d92c0000)
  to   space 5248K, 0% used [0x00000007d8880000,0x00000007d8880000,0x00000007d8da0000)
 ParOldGen       total 84800K, used 9135K [0x0000000783c00000, 0x0000000788ed0000, 0x00000007d6960000)
  object space 84800K, 10% used [0x0000000783c00000,0x00000007844ebf48,0x0000000788ed0000)
 PSPermGen       total 21248K, used 16425K [0x000000077ea00000, 0x000000077fec0000, 0x0000000783c00000)
  object space 21248K, 77% used [0x000000077ea00000,0x000000077fa0a680,0x000000077fec0000)
GC Heap History (4 events):
Event: 3.204 GC heap before
{Heap before GC invocations=1 (full 0):
 PSYoungGen      total 37120K, used 31872K [0x00000007d6960000, 0x00000007d92c0000, 0x0000000800000000)
  eden space 31872K, 100% used [0x00000007d6960000,0x00000007d8880000,0x00000007d8880000)
  from space 5248K, 0% used [0x00000007d8da0000,0x00000007d8da0000,0x00000007d92c0000)
  to   space 5248K, 0% used [0x00000007d8880000,0x00000007d8880000,0x00000007d8da0000)
 ParOldGen       total 84800K, used 0K [0x0000000783c00000, 0x0000000788ed0000, 0x00000007d6960000)
  object space 84800K, 0% used [0x0000000783c00000,0x0000000783c00000,0x0000000788ed0000)
 PSPermGen       total 21248K, used 15814K [0x000000077ea00000, 0x000000077fec0000, 0x0000000783c00000)
  object space 21248K, 74% used [0x000000077ea00000,0x000000077f971928,0x000000077fec0000)
Event: 3.216 GC heap after
Heap after GC invocations=1 (full 0):
 PSYoungGen      total 37120K, used 5231K [0x00000007d6960000, 0x00000007d92c0000, 0x0000000800000000)
  eden space 31872K, 0% used [0x00000007d6960000,0x00000007d6960000,0x00000007d8880000)
  from space 5248K, 99% used [0x00000007d8880000,0x00000007d8d9bc28,0x00000007d8da0000)
  to   space 5248K, 0% used [0x00000007d8da0000,0x00000007d8da0000,0x00000007d92c0000)
 ParOldGen       total 84800K, used 5717K [0x0000000783c00000, 0x0000000788ed0000, 0x00000007d6960000)
  object space 84800K, 6% used [0x0000000783c00000,0x00000007841954e0,0x0000000788ed0000)
 PSPermGen       total 21248K, used 15814K [0x000000077ea00000, 0x000000077fec0000, 0x0000000783c00000)
  object space 21248K, 74% used [0x000000077ea00000,0x000000077f971928,0x000000077fec0000)
}
Event: 3.563 GC heap before
{Heap before GC invocations=2 (full 0):
 PSYoungGen      total 37120K, used 37103K [0x00000007d6960000, 0x00000007d92c0000, 0x0000000800000000)
  eden space 31872K, 100% used [0x00000007d6960000,0x00000007d8880000,0x00000007d8880000)
  from space 5248K, 99% used [0x00000007d8880000,0x00000007d8d9bc28,0x00000007d8da0000)
  to   space 5248K, 0% used [0x00000007d8da0000,0x00000007d8da0000,0x00000007d92c0000)
 ParOldGen       total 84800K, used 5717K [0x0000000783c00000, 0x0000000788ed0000, 0x00000007d6960000)
  object space 84800K, 6% used [0x0000000783c00000,0x00000007841954e0,0x0000000788ed0000)
 PSPermGen       total 21248K, used 16344K [0x000000077ea00000, 0x000000077fec0000, 0x0000000783c00000)
  object space 21248K, 76% used [0x000000077ea00000,0x000000077f9f6260,0x000000077fec0000)
Event: 3.567 GC heap after
Heap after GC invocations=2 (full 0):
 PSYoungGen      total 37120K, used 5218K [0x00000007d6960000, 0x00000007d92c0000, 0x0000000800000000)
  eden space 31872K, 0% used [0x00000007d6960000,0x00000007d6960000,0x00000007d8880000)
  from space 5248K, 99% used [0x00000007d8da0000,0x00000007d92b8850,0x00000007d92c0000)
  to   space 5248K, 0% used [0x00000007d8880000,0x00000007d8880000,0x00000007d8da0000)
 ParOldGen       total 84800K, used 9135K [0x0000000783c00000, 0x0000000788ed0000, 0x00000007d6960000)
  object space 84800K, 10% used [0x0000000783c00000,0x00000007844ebf48,0x0000000788ed0000)
 PSPermGen       total 21248K, used 16344K [0x000000077ea00000, 0x000000077fec0000, 0x0000000783c00000)
  object space 21248K, 76% used [0x000000077ea00000,0x000000077f9f6260,0x000000077fec0000)
}

