# JRE version: Java(TM) SE Runtime Environment (8.0_181-b13) (build 1.8.0_181-b13)
# Java VM: Java HotSpot(TM) 64-Bit Server VM (25.181-b13 mixed mode windows-amd64 compressed oops)
Heap:
 PSYoungGen      total 49664K, used 4220K [0x000000076b000000, 0x0000000771500000, 0x00000007c0000000)
  eden space 49152K, 8% used [0x000000076b000000,0x000000076b3d73e8,0x000000076e000000)
  from space 512K, 56% used [0x000000076e100000,0x000000076e148000,0x000000076e180000)
  to   space 27136K, 0% used [0x000000076fa80000,0x000000076fa80000,0x0000000771500000)
 ParOldGen       total 175104K, used 58909K [0x00000006c1000000, 0x00000006cbb00000, 0x000000076b000000)
  object space 175104K, 33% used [0x00000006c1000000,0x00000006c4987660,0x00000006cbb00000)
 Metaspace       used 14961K, capacity 15148K, committed 15360K, reserved 1062912K
  class space    used 1371K, capacity 1441K, committed 1536K, reserved 1048576K
GC Heap History (10 events):
Event: 14.531 GC heap before
{Heap before GC invocations=15 (full 0):
 PSYoungGen      total 86016K, used 54592K [0x000000076b000000, 0x0000000772800000, 0x00000007c0000000)
  eden space 54272K, 100% used [0x000000076b000000,0x000000076e500000,0x000000076e500000)
  from space 31744K, 1% used [0x0000000770900000,0x0000000770950000,0x0000000772800000)
  to   space 34304K, 0% used [0x000000076e500000,0x000000076e500000,0x0000000770680000)
 ParOldGen       total 175104K, used 58909K [0x00000006c1000000, 0x00000006cbb00000, 0x000000076b000000)
  object space 175104K, 33% used [0x00000006c1000000,0x00000006c4987660,0x00000006cbb00000)
 Metaspace       used 14956K, capacity 15148K, committed 15360K, reserved 1062912K
  class space    used 1371K, capacity 1441K, committed 1536K, reserved 1048576K
Event: 14.532 GC heap after
Heap after GC invocations=15 (full 0):
 PSYoungGen      total 53760K, used 320K [0x000000076b000000, 0x0000000772500000, 0x00000007c0000000)
  eden space 53248K, 0% used [0x000000076b000000,0x000000076b000000,0x000000076e400000)
  from space 512K, 62% used [0x000000076e500000,0x000000076e550000,0x000000076e580000)
  to   space 33280K, 0% used [0x0000000770480000,0x0000000770480000,0x0000000772500000)
 ParOldGen       total 175104K, used 58909K [0x00000006c1000000, 0x00000006cbb00000, 0x000000076b000000)
  object space 175104K, 33% used [0x00000006c1000000,0x00000006c4987660,0x00000006cbb00000)
 Metaspace       used 14956K, capacity 15148K, committed 15360K, reserved 1062912K
  class space    used 1371K, capacity 1441K, committed 1536K, reserved 1048576K
}
Event: 15.330 GC heap before
{Heap before GC invocations=16 (full 0):
 PSYoungGen      total 53760K, used 53568K [0x000000076b000000, 0x0000000772500000, 0x00000007c0000000)
  eden space 53248K, 100% used [0x000000076b000000,0x000000076e400000,0x000000076e400000)
  from space 512K, 62% used [0x000000076e500000,0x000000076e550000,0x000000076e580000)
  to   space 33280K, 0% used [0x0000000770480000,0x0000000770480000,0x0000000772500000)
 ParOldGen       total 175104K, used 58909K [0x00000006c1000000, 0x00000006cbb00000, 0x000000076b000000)
  object space 175104K, 33% used [0x00000006c1000000,0x00000006c4987660,0x00000006cbb00000)
 Metaspace       used 14956K, capacity 15148K, committed 15360K, reserved 1062912K
  class space    used 1371K, capacity 1441K, committed 1536K, reserved 1048576K
Event: 15.331 GC heap after
Heap after GC invocations=16 (full 0):
 PSYoungGen      total 81408K, used 320K [0x000000076b000000, 0x0000000772100000, 0x00000007c0000000)
  eden space 52224K, 0% used [0x000000076b000000,0x000000076b000000,0x000000076e300000)
  from space 29184K, 1% used [0x0000000770480000,0x00000007704d0000,0x0000000772100000)
  to   space 31744K, 0% used [0x000000076e300000,0x000000076e300000,0x0000000770200000)
 ParOldGen       total 175104K, used 58909K [0x00000006c1000000, 0x00000006cbb00000, 0x000000076b000000)
  object space 175104K, 33% used [0x00000006c1000000,0x00000006c4987660,0x00000006cbb00000)
 Metaspace       used 14956K, capacity 15148K, committed 15360K, reserved 1062912K
  class space    used 1371K, capacity 1441K, committed 1536K, reserved 1048576K
}
Event: 16.110 GC heap before
{Heap before GC invocations=17 (full 0):
 PSYoungGen      total 81408K, used 52544K [0x000000076b000000, 0x0000000772100000, 0x00000007c0000000)
  eden space 52224K, 100% used [0x000000076b000000,0x000000076e300000,0x000000076e300000)
  from space 29184K, 1% used [0x0000000770480000,0x00000007704d0000,0x0000000772100000)
  to   space 31744K, 0% used [0x000000076e300000,0x000000076e300000,0x0000000770200000)
 ParOldGen       total 175104K, used 58909K [0x00000006c1000000, 0x00000006cbb00000, 0x000000076b000000)
  object space 175104K, 33% used [0x00000006c1000000,0x00000006c4987660,0x00000006cbb00000)
 Metaspace       used 14956K, capacity 15148K, committed 15360K, reserved 1062912K
  class space    used 1371K, capacity 1441K, committed 1536K, reserved 1048576K
Event: 16.110 GC heap after
Heap after GC invocations=17 (full 0):
 PSYoungGen      total 51712K, used 288K [0x000000076b000000, 0x0000000771d00000, 0x00000007c0000000)
  eden space 51200K, 0% used [0x000000076b000000,0x000000076b000000,0x000000076e200000)
  from space 512K, 56% used [0x000000076e300000,0x000000076e348000,0x000000076e380000)
  to   space 30208K, 0% used [0x000000076ff80000,0x000000076ff80000,0x0000000771d00000)
 ParOldGen       total 175104K, used 58909K [0x00000006c1000000, 0x00000006cbb00000, 0x000000076b000000)
  object space 175104K, 33% used [0x00000006c1000000,0x00000006c4987660,0x00000006cbb00000)
 Metaspace       used 14956K, capacity 15148K, committed 15360K, reserved 1062912K
  class space    used 1371K, capacity 1441K, committed 1536K, reserved 1048576K
}
Event: 16.875 GC heap before
{Heap before GC invocations=18 (full 0):
 PSYoungGen      total 51712K, used 51488K [0x000000076b000000, 0x0000000771d00000, 0x00000007c0000000)
  eden space 51200K, 100% used [0x000000076b000000,0x000000076e200000,0x000000076e200000)
  from space 512K, 56% used [0x000000076e300000,0x000000076e348000,0x000000076e380000)
  to   space 30208K, 0% used [0x000000076ff80000,0x000000076ff80000,0x0000000771d00000)
 ParOldGen       total 175104K, used 58909K [0x00000006c1000000, 0x00000006cbb00000, 0x000000076b000000)
  object space 175104K, 33% used [0x00000006c1000000,0x00000006c4987660,0x00000006cbb00000)
 Metaspace       used 14956K, capacity 15148K, committed 15360K, reserved 1062912K
  class space    used 1371K, capacity 1441K, committed 1536K, reserved 1048576K
Event: 16.876 GC heap after
Heap after GC invocations=18 (full 0):
 PSYoungGen      total 76288K, used 288K [0x000000076b000000, 0x0000000771900000, 0x00000007c0000000)
  eden space 50176K, 0% used [0x000000076b000000,0x000000076b000000,0x000000076e100000)
  from space 26112K, 1% used [0x000000076ff80000,0x000000076ffc8000,0x0000000771900000)
  to   space 28672K, 0% used [0x000000076e100000,0x000000076e100000,0x000000076fd00000)
 ParOldGen       total 175104K, used 58909K [0x00000006c1000000, 0x00000006cbb00000, 0x000000076b000000)
  object space 175104K, 33% used [0x00000006c1000000,0x00000006c4987660,0x00000006cbb00000)
 Metaspace       used 14956K, capacity 15148K, committed 15360K, reserved 1062912K
  class space    used 1371K, capacity 1441K, committed 1536K, reserved 1048576K
}
Event: 17.626 GC heap before
{Heap before GC invocations=19 (full 0):
 PSYoungGen      total 76288K, used 50464K [0x000000076b000000, 0x0000000771900000, 0x00000007c0000000)
  eden space 50176K, 100% used [0x000000076b000000,0x000000076e100000,0x000000076e100000)
  from space 26112K, 1% used [0x000000076ff80000,0x000000076ffc8000,0x0000000771900000)
  to   space 28672K, 0% used [0x000000076e100000,0x000000076e100000,0x000000076fd00000)
 ParOldGen       total 175104K, used 58909K [0x00000006c1000000, 0x00000006cbb00000, 0x000000076b000000)
  object space 175104K, 33% used [0x00000006c1000000,0x00000006c4987660,0x00000006cbb00000)
 Metaspace       used 14957K, capacity 15148K, committed 15360K, reserved 1062912K
  class space    used 1371K, capacity 1441K, committed 1536K, reserved 1048576K
Event: 17.627 GC heap after
Heap after GC invocations=19 (full 0):
 PSYoungGen      total 49664K, used 288K [0x000000076b000000, 0x0000000771500000, 0x00000007c0000000)
  eden space 49152K, 0% used [0x000000076b000000,0x000000076b000000,0x000000076e000000)
  from space 512K, 56% used [0x000000076e100000,0x000000076e148000,0x000000076e180000)
  to   space 27136K, 0% used [0x000000076fa80000,0x000000076fa80000,0x0000000771500000)
 ParOldGen       total 175104K, used 58909K [0x00000006c1000000, 0x00000006cbb00000, 0x000000076b000000)
  object space 175104K, 33% used [0x00000006c1000000,0x00000006c4987660,0x00000006cbb00000)
 Metaspace       used 14957K, capacity 15148K, committed 15360K, reserved 1062912K
  class space    used 1371K, capacity 1441K, committed 1536K, reserved 1048576K
}

