# JRE version: 7.0_25-b17
# Java VM: Java HotSpot(TM) 64-Bit Server VM (23.25-b01 mixed mode windows-amd64 compressed oops)
Heap
 PSYoungGen      total 132736K, used 65560K [0x00000007d6960000, 0x00000007df020000, 0x0000000800000000)
  eden space 127488K, 51% used [0x00000007d6960000,0x00000007da9662f8,0x00000007de5e0000)
  from space 5248K, 0% used [0x00000007deb00000,0x00000007deb00000,0x00000007df020000)
  to   space 5248K, 0% used [0x00000007de5e0000,0x00000007de5e0000,0x00000007deb00000)
 ParOldGen       total 113408K, used 52367K [0x0000000783c00000, 0x000000078aac0000, 0x00000007d6960000)
  object space 113408K, 46% used [0x0000000783c00000,0x0000000786f23c50,0x000000078aac0000)
 PSPermGen       total 34624K, used 17373K [0x000000077ea00000, 0x0000000780bd0000, 0x0000000783c00000)
  object space 34624K, 50% used [0x000000077ea00000,0x000000077faf75c8,0x0000000780bd0000)
GC Heap History (10 events):
Event: 1.253 GC heap before
{Heap before GC invocations=1 (full 0):
 PSYoungGen      total 37120K, used 31872K [0x00000007d6960000, 0x00000007d92c0000, 0x0000000800000000)
  eden space 31872K, 100% used [0x00000007d6960000,0x00000007d8880000,0x00000007d8880000)
  from space 5248K, 0% used [0x00000007d8da0000,0x00000007d8da0000,0x00000007d92c0000)
  to   space 5248K, 0% used [0x00000007d8880000,0x00000007d8880000,0x00000007d8da0000)
 ParOldGen       total 84800K, used 0K [0x0000000783c00000, 0x0000000788ed0000, 0x00000007d6960000)
  object space 84800K, 0% used [0x0000000783c00000,0x0000000783c00000,0x0000000788ed0000)
 PSPermGen       total 21248K, used 8070K [0x000000077ea00000, 0x000000077fec0000, 0x0000000783c00000)
  object space 21248K, 37% used [0x000000077ea00000,0x000000077f1e1a40,0x000000077fec0000)
Event: 1.267 GC heap after
Heap after GC invocations=1 (full 0):
 PSYoungGen      total 37120K, used 5216K [0x00000007d6960000, 0x00000007db1e0000, 0x0000000800000000)
  eden space 31872K, 0% used [0x00000007d6960000,0x00000007d6960000,0x00000007d8880000)
  from space 5248K, 99% used [0x00000007d8880000,0x00000007d8d98050,0x00000007d8da0000)
  to   space 5248K, 0% used [0x00000007dacc0000,0x00000007dacc0000,0x00000007db1e0000)
 ParOldGen       total 84800K, used 14379K [0x0000000783c00000, 0x0000000788ed0000, 0x00000007d6960000)
  object space 84800K, 16% used [0x0000000783c00000,0x0000000784a0ae80,0x0000000788ed0000)
 PSPermGen       total 21248K, used 8070K [0x000000077ea00000, 0x000000077fec0000, 0x0000000783c00000)
  object space 21248K, 37% used [0x000000077ea00000,0x000000077f1e1a40,0x000000077fec0000)
}
Event: 1.413 GC heap before
{Heap before GC invocations=2 (full 0):
 PSYoungGen      total 37120K, used 37088K [0x00000007d6960000, 0x00000007db1e0000, 0x0000000800000000)
  eden space 31872K, 100% used [0x00000007d6960000,0x00000007d8880000,0x00000007d8880000)
  from space 5248K, 99% used [0x00000007d8880000,0x00000007d8d98050,0x00000007d8da0000)
  to   space 5248K, 0% used [0x00000007dacc0000,0x00000007dacc0000,0x00000007db1e0000)
 ParOldGen       total 84800K, used 14379K [0x0000000783c00000, 0x0000000788ed0000, 0x00000007d6960000)
  object space 84800K, 16% used [0x0000000783c00000,0x0000000784a0ae80,0x0000000788ed0000)
 PSPermGen       total 21248K, used 8157K [0x000000077ea00000, 0x000000077fec0000, 0x0000000783c00000)
  object space 21248K, 38% used [0x000000077ea00000,0x000000077f1f7420,0x000000077fec0000)
Event: 1.426 GC heap after
Heap after GC invocations=2 (full 0):
 PSYoungGen      total 68992K, used 5232K [0x00000007d6960000, 0x00000007db1e0000, 0x0000000800000000)
  eden space 63744K, 0% used [0x00000007d6960000,0x00000007d6960000,0x00000007da7a0000)
  from space 5248K, 99% used [0x00000007dacc0000,0x00000007db1dc070,0x00000007db1e0000)
  to   space 5248K, 0% used [0x00000007da7a0000,0x00000007da7a0000,0x00000007dacc0000)
 ParOldGen       total 84800K, used 25606K [0x0000000783c00000, 0x0000000788ed0000, 0x00000007d6960000)
  object space 84800K, 30% used [0x0000000783c00000,0x0000000785501978,0x0000000788ed0000)
 PSPermGen       total 21248K, used 8157K [0x000000077ea00000, 0x000000077fec0000, 0x0000000783c00000)
  object space 21248K, 38% used [0x000000077ea00000,0x000000077f1f7420,0x000000077fec0000)
}
Event: 2.319 GC heap before
{Heap before GC invocations=3 (full 0):
 PSYoungGen      total 68992K, used 68976K [0x00000007d6960000, 0x00000007db1e0000, 0x0000000800000000)
  eden space 63744K, 100% used [0x00000007d6960000,0x00000007da7a0000,0x00000007da7a0000)
  from space 5248K, 99% used [0x00000007dacc0000,0x00000007db1dc070,0x00000007db1e0000)
  to   space 5248K, 0% used [0x00000007da7a0000,0x00000007da7a0000,0x00000007dacc0000)
 ParOldGen       total 84800K, used 25606K [0x0000000783c00000, 0x0000000788ed0000, 0x00000007d6960000)
  object space 84800K, 30% used [0x0000000783c00000,0x0000000785501978,0x0000000788ed0000)
 PSPermGen       total 21248K, used 9175K [0x000000077ea00000, 0x000000077fec0000, 0x0000000783c00000)
  object space 21248K, 43% used [0x000000077ea00000,0x000000077f2f5c40,0x000000077fec0000)
Event: 2.336 GC heap after
Heap after GC invocations=3 (full 0):
 PSYoungGen      total 68992K, used 5040K [0x00000007d6960000, 0x00000007df020000, 0x0000000800000000)
  eden space 63744K, 0% used [0x00000007d6960000,0x00000007d6960000,0x00000007da7a0000)
  from space 5248K, 96% used [0x00000007da7a0000,0x00000007dac8c050,0x00000007dacc0000)
  to   space 5248K, 0% used [0x00000007deb00000,0x00000007deb00000,0x00000007df020000)
 ParOldGen       total 84800K, used 45070K [0x0000000783c00000, 0x0000000788ed0000, 0x00000007d6960000)
  object space 84800K, 53% used [0x0000000783c00000,0x0000000786803aa8,0x0000000788ed0000)
 PSPermGen       total 21248K, used 9175K [0x000000077ea00000, 0x000000077fec0000, 0x0000000783c00000)
  object space 21248K, 43% used [0x000000077ea00000,0x000000077f2f5c40,0x000000077fec0000)
}
Event: 5.958 GC heap before
{Heap before GC invocations=4 (full 0):
 PSYoungGen      total 68992K, used 68784K [0x00000007d6960000, 0x00000007df020000, 0x0000000800000000)
  eden space 63744K, 100% used [0x00000007d6960000,0x00000007da7a0000,0x00000007da7a0000)
  from space 5248K, 96% used [0x00000007da7a0000,0x00000007dac8c050,0x00000007dacc0000)
  to   space 5248K, 0% used [0x00000007deb00000,0x00000007deb00000,0x00000007df020000)
 ParOldGen       total 84800K, used 45070K [0x0000000783c00000, 0x0000000788ed0000, 0x00000007d6960000)
  object space 84800K, 53% used [0x0000000783c00000,0x0000000786803aa8,0x0000000788ed0000)
 PSPermGen       total 21248K, used 17049K [0x000000077ea00000, 0x000000077fec0000, 0x0000000783c00000)
  object space 21248K, 80% used [0x000000077ea00000,0x000000077faa6748,0x000000077fec0000)
Event: 5.977 GC heap after
Heap after GC invocations=4 (full 0):
 PSYoungGen      total 132736K, used 5240K [0x00000007d6960000, 0x00000007df020000, 0x0000000800000000)
  eden space 127488K, 0% used [0x00000007d6960000,0x00000007d6960000,0x00000007de5e0000)
  from space 5248K, 99% used [0x00000007deb00000,0x00000007df01e068,0x00000007df020000)
  to   space 5248K, 0% used [0x00000007de5e0000,0x00000007de5e0000,0x00000007deb00000)
 ParOldGen       total 84800K, used 64221K [0x0000000783c00000, 0x0000000788ed0000, 0x00000007d6960000)
  object space 84800K, 75% used [0x0000000783c00000,0x0000000787ab75e8,0x0000000788ed0000)
 PSPermGen       total 21248K, used 17049K [0x000000077ea00000, 0x000000077fec0000, 0x0000000783c00000)
  object space 21248K, 80% used [0x000000077ea00000,0x000000077faa6748,0x000000077fec0000)
}
Event: 5.977 GC heap before
{Heap before GC invocations=5 (full 1):
 PSYoungGen      total 132736K, used 5240K [0x00000007d6960000, 0x00000007df020000, 0x0000000800000000)
  eden space 127488K, 0% used [0x00000007d6960000,0x00000007d6960000,0x00000007de5e0000)
  from space 5248K, 99% used [0x00000007deb00000,0x00000007df01e068,0x00000007df020000)
  to   space 5248K, 0% used [0x00000007de5e0000,0x00000007de5e0000,0x00000007deb00000)
 ParOldGen       total 84800K, used 64221K [0x0000000783c00000, 0x0000000788ed0000, 0x00000007d6960000)
  object space 84800K, 75% used [0x0000000783c00000,0x0000000787ab75e8,0x0000000788ed0000)
 PSPermGen       total 21248K, used 17049K [0x000000077ea00000, 0x000000077fec0000, 0x0000000783c00000)
  object space 21248K, 80% used [0x000000077ea00000,0x000000077faa6748,0x000000077fec0000)
Event: 6.020 GC heap after
Heap after GC invocations=5 (full 1):
 PSYoungGen      total 132736K, used 0K [0x00000007d6960000, 0x00000007df020000, 0x0000000800000000)
  eden space 127488K, 0% used [0x00000007d6960000,0x00000007d6960000,0x00000007de5e0000)
  from space 5248K, 0% used [0x00000007deb00000,0x00000007deb00000,0x00000007df020000)
  to   space 5248K, 0% used [0x00000007de5e0000,0x00000007de5e0000,0x00000007deb00000)
 ParOldGen       total 113408K, used 52367K [0x0000000783c00000, 0x000000078aac0000, 0x00000007d6960000)
  object space 113408K, 46% used [0x0000000783c00000,0x0000000786f23c50,0x000000078aac0000)
 PSPermGen       total 34624K, used 17044K [0x000000077ea00000, 0x0000000780bd0000, 0x0000000783c00000)
  object space 34624K, 49% used [0x000000077ea00000,0x000000077faa5148,0x0000000780bd0000)
}

