# JRE version: Java(TM) SE Runtime Environment (7.0_67-b01) (build 1.7.0_67-b01)
# Java VM: Java HotSpot(TM) 64-Bit Server VM (24.65-b04 mixed mode windows-amd64 compressed oops)
Heap
 PSYoungGen      total 260096K, used 54462K [0x00000000eaa80000, 0x00000000ff680000, 0x0000000100000000)
  eden space 244224K, 17% used [0x00000000eaa80000,0x00000000ed4d8940,0x00000000f9900000)
  from space 15872K, 69% used [0x00000000f9900000,0x00000000fa3d6f40,0x00000000fa880000)
  to   space 16896K, 0% used [0x00000000fe600000,0x00000000fe600000,0x00000000ff680000)
 ParOldGen       total 81408K, used 43339K [0x00000000c0000000, 0x00000000c4f80000, 0x00000000eaa80000)
  object space 81408K, 53% used [0x00000000c0000000,0x00000000c2a52f40,0x00000000c4f80000)
 PSPermGen       total 21504K, used 16974K [0x00000000bae00000, 0x00000000bc300000, 0x00000000c0000000)
  object space 21504K, 78% used [0x00000000bae00000,0x00000000bbe939d8,0x00000000bc300000)
GC Heap History (10 events):
Event: 12.955 GC heap before
{Heap before GC invocations=8 (full 1):
 PSYoungGen      total 130560K, used 119744K [0x00000000eaa80000, 0x00000000f3f00000, 0x0000000100000000)
  eden space 117248K, 100% used [0x00000000eaa80000,0x00000000f1d00000,0x00000000f1d00000)
  from space 13312K, 18% used [0x00000000f3200000,0x00000000f3470010,0x00000000f3f00000)
  to   space 17408K, 0% used [0x00000000f1d00000,0x00000000f1d00000,0x00000000f2e00000)
 ParOldGen       total 81408K, used 40832K [0x00000000c0000000, 0x00000000c4f80000, 0x00000000eaa80000)
  object space 81408K, 50% used [0x00000000c0000000,0x00000000c27e0348,0x00000000c4f80000)
 PSPermGen       total 21504K, used 9076K [0x00000000bae00000, 0x00000000bc300000, 0x00000000c0000000)
  object space 21504K, 42% used [0x00000000bae00000,0x00000000bb6dd1b0,0x00000000bc300000)
Event: 12.960 GC heap after
Heap after GC invocations=8 (full 1):
 PSYoungGen      total 134656K, used 2464K [0x00000000eaa80000, 0x00000000f8b80000, 0x0000000100000000)
  eden space 117248K, 0% used [0x00000000eaa80000,0x00000000eaa80000,0x00000000f1d00000)
  from space 17408K, 14% used [0x00000000f1d00000,0x00000000f1f68010,0x00000000f2e00000)
  to   space 16896K, 0% used [0x00000000f7b00000,0x00000000f7b00000,0x00000000f8b80000)
 ParOldGen       total 81408K, used 40832K [0x00000000c0000000, 0x00000000c4f80000, 0x00000000eaa80000)
  object space 81408K, 50% used [0x00000000c0000000,0x00000000c27e0348,0x00000000c4f80000)
 PSPermGen       total 21504K, used 9076K [0x00000000bae00000, 0x00000000bc300000, 0x00000000c0000000)
  object space 21504K, 42% used [0x00000000bae00000,0x00000000bb6dd1b0,0x00000000bc300000)
}
Event: 15.510 GC heap before
{Heap before GC invocations=9 (full 1):
 PSYoungGen      total 134656K, used 119712K [0x00000000eaa80000, 0x00000000f8b80000, 0x0000000100000000)
  eden space 117248K, 100% used [0x00000000eaa80000,0x00000000f1d00000,0x00000000f1d00000)
  from space 17408K, 14% used [0x00000000f1d00000,0x00000000f1f68010,0x00000000f2e00000)
  to   space 16896K, 0% used [0x00000000f7b00000,0x00000000f7b00000,0x00000000f8b80000)
 ParOldGen       total 81408K, used 40832K [0x00000000c0000000, 0x00000000c4f80000, 0x00000000eaa80000)
  object space 81408K, 50% used [0x00000000c0000000,0x00000000c27e0348,0x00000000c4f80000)
 PSPermGen       total 21504K, used 9078K [0x00000000bae00000, 0x00000000bc300000, 0x00000000c0000000)
  object space 21504K, 42% used [0x00000000bae00000,0x00000000bb6dd9b8,0x00000000bc300000)
Event: 15.514 GC heap after
Heap after GC invocations=9 (full 1):
 PSYoungGen      total 198144K, used 2464K [0x00000000eaa80000, 0x00000000f8380000, 0x0000000100000000)
  eden space 189440K, 0% used [0x00000000eaa80000,0x00000000eaa80000,0x00000000f6380000)
  from space 8704K, 28% used [0x00000000f7b00000,0x00000000f7d68010,0x00000000f8380000)
  to   space 16384K, 0% used [0x00000000f6380000,0x00000000f6380000,0x00000000f7380000)
 ParOldGen       total 81408K, used 40832K [0x00000000c0000000, 0x00000000c4f80000, 0x00000000eaa80000)
  object space 81408K, 50% used [0x00000000c0000000,0x00000000c27e0348,0x00000000c4f80000)
 PSPermGen       total 21504K, used 9078K [0x00000000bae00000, 0x00000000bc300000, 0x00000000c0000000)
  object space 21504K, 42% used [0x00000000bae00000,0x00000000bb6dd9b8,0x00000000bc300000)
}
Event: 19.261 GC heap before
{Heap before GC invocations=10 (full 1):
 PSYoungGen      total 198144K, used 191904K [0x00000000eaa80000, 0x00000000f8380000, 0x0000000100000000)
  eden space 189440K, 100% used [0x00000000eaa80000,0x00000000f6380000,0x00000000f6380000)
  from space 8704K, 28% used [0x00000000f7b00000,0x00000000f7d68010,0x00000000f8380000)
  to   space 16384K, 0% used [0x00000000f6380000,0x00000000f6380000,0x00000000f7380000)
 ParOldGen       total 81408K, used 40832K [0x00000000c0000000, 0x00000000c4f80000, 0x00000000eaa80000)
  object space 81408K, 50% used [0x00000000c0000000,0x00000000c27e0348,0x00000000c4f80000)
 PSPermGen       total 21504K, used 9092K [0x00000000bae00000, 0x00000000bc300000, 0x00000000c0000000)
  object space 21504K, 42% used [0x00000000bae00000,0x00000000bb6e1178,0x00000000bc300000)
Event: 19.266 GC heap after
Heap after GC invocations=10 (full 1):
 PSYoungGen      total 205824K, used 160K [0x00000000eaa80000, 0x00000000fbf80000, 0x0000000100000000)
  eden space 189440K, 0% used [0x00000000eaa80000,0x00000000eaa80000,0x00000000f6380000)
  from space 16384K, 0% used [0x00000000f6380000,0x00000000f63a8000,0x00000000f7380000)
  to   space 15872K, 0% used [0x00000000fb000000,0x00000000fb000000,0x00000000fbf80000)
 ParOldGen       total 81408K, used 43255K [0x00000000c0000000, 0x00000000c4f80000, 0x00000000eaa80000)
  object space 81408K, 53% used [0x00000000c0000000,0x00000000c2a3dd40,0x00000000c4f80000)
 PSPermGen       total 21504K, used 9092K [0x00000000bae00000, 0x00000000bc300000, 0x00000000c0000000)
  object space 21504K, 42% used [0x00000000bae00000,0x00000000bb6e1178,0x00000000bc300000)
}
Event: 22.434 GC heap before
{Heap before GC invocations=11 (full 1):
 PSYoungGen      total 205824K, used 189600K [0x00000000eaa80000, 0x00000000fbf80000, 0x0000000100000000)
  eden space 189440K, 100% used [0x00000000eaa80000,0x00000000f6380000,0x00000000f6380000)
  from space 16384K, 0% used [0x00000000f6380000,0x00000000f63a8000,0x00000000f7380000)
  to   space 15872K, 0% used [0x00000000fb000000,0x00000000fb000000,0x00000000fbf80000)
 ParOldGen       total 81408K, used 43255K [0x00000000c0000000, 0x00000000c4f80000, 0x00000000eaa80000)
  object space 81408K, 53% used [0x00000000c0000000,0x00000000c2a3dd40,0x00000000c4f80000)
 PSPermGen       total 21504K, used 9097K [0x00000000bae00000, 0x00000000bc300000, 0x00000000c0000000)
  object space 21504K, 42% used [0x00000000bae00000,0x00000000bb6e2798,0x00000000bc300000)
Event: 22.435 GC heap after
Heap after GC invocations=11 (full 1):
 PSYoungGen      total 252416K, used 192K [0x00000000eaa80000, 0x00000000fb800000, 0x0000000100000000)
  eden space 244224K, 0% used [0x00000000eaa80000,0x00000000eaa80000,0x00000000f9900000)
  from space 8192K, 2% used [0x00000000fb000000,0x00000000fb030000,0x00000000fb800000)
  to   space 15872K, 0% used [0x00000000f9900000,0x00000000f9900000,0x00000000fa880000)
 ParOldGen       total 81408K, used 43279K [0x00000000c0000000, 0x00000000c4f80000, 0x00000000eaa80000)
  object space 81408K, 53% used [0x00000000c0000000,0x00000000c2a43d40,0x00000000c4f80000)
 PSPermGen       total 21504K, used 9097K [0x00000000bae00000, 0x00000000bc300000, 0x00000000c0000000)
  object space 21504K, 42% used [0x00000000bae00000,0x00000000bb6e2798,0x00000000bc300000)
}
Event: 35.929 GC heap before
{Heap before GC invocations=12 (full 1):
 PSYoungGen      total 252416K, used 244037K [0x00000000eaa80000, 0x00000000fb800000, 0x0000000100000000)
  eden space 244224K, 99% used [0x00000000eaa80000,0x00000000f98a1508,0x00000000f9900000)
  from space 8192K, 2% used [0x00000000fb000000,0x00000000fb030000,0x00000000fb800000)
  to   space 15872K, 0% used [0x00000000f9900000,0x00000000f9900000,0x00000000fa880000)
 ParOldGen       total 81408K, used 43279K [0x00000000c0000000, 0x00000000c4f80000, 0x00000000eaa80000)
  object space 81408K, 53% used [0x00000000c0000000,0x00000000c2a43d40,0x00000000c4f80000)
 PSPermGen       total 21504K, used 16906K [0x00000000bae00000, 0x00000000bc300000, 0x00000000c0000000)
  object space 21504K, 78% used [0x00000000bae00000,0x00000000bbe82880,0x00000000bc300000)
Event: 35.958 GC heap after
Heap after GC invocations=12 (full 1):
 PSYoungGen      total 260096K, used 11099K [0x00000000eaa80000, 0x00000000ff680000, 0x0000000100000000)
  eden space 244224K, 0% used [0x00000000eaa80000,0x00000000eaa80000,0x00000000f9900000)
  from space 15872K, 69% used [0x00000000f9900000,0x00000000fa3d6f40,0x00000000fa880000)
  to   space 16896K, 0% used [0x00000000fe600000,0x00000000fe600000,0x00000000ff680000)
 ParOldGen       total 81408K, used 43339K [0x00000000c0000000, 0x00000000c4f80000, 0x00000000eaa80000)
  object space 81408K, 53% used [0x00000000c0000000,0x00000000c2a52f40,0x00000000c4f80000)
 PSPermGen       total 21504K, used 16906K [0x00000000bae00000, 0x00000000bc300000, 0x00000000c0000000)
  object space 21504K, 78% used [0x00000000bae00000,0x00000000bbe82880,0x00000000bc300000)
}

