# JRE version: 7.0_25-b17
# Java VM: Java HotSpot(TM) 64-Bit Server VM (23.25-b01 mixed mode windows-amd64 compressed oops)
Heap
 PSYoungGen      total 37120K, used 16304K [0x00000007d6960000, 0x00000007d92c0000, 0x0000000800000000)
  eden space 31872K, 34% used [0x00000007d6960000,0x00000007d742f968,0x00000007d8880000)
  from space 5248K, 99% used [0x00000007d8da0000,0x00000007d92bc840,0x00000007d92c0000)
  to   space 5248K, 0% used [0x00000007d8880000,0x00000007d8880000,0x00000007d8da0000)
 ParOldGen       total 84800K, used 10811K [0x0000000783c00000, 0x0000000788ed0000, 0x00000007d6960000)
  object space 84800K, 12% used [0x0000000783c00000,0x000000078468ee18,0x0000000788ed0000)
 PSPermGen       total 21248K, used 16430K [0x000000077ea00000, 0x000000077fec0000, 0x0000000783c00000)
  object space 21248K, 77% used [0x000000077ea00000,0x000000077fa0b820,0x000000077fec0000)
GC Heap History (4 events):
Event: 3.671 GC heap before
{Heap before GC invocations=1 (full 0):
 PSYoungGen      total 37120K, used 31872K [0x00000007d6960000, 0x00000007d92c0000, 0x0000000800000000)
  eden space 31872K, 100% used [0x00000007d6960000,0x00000007d8880000,0x00000007d8880000)
  from space 5248K, 0% used [0x00000007d8da0000,0x00000007d8da0000,0x00000007d92c0000)
  to   space 5248K, 0% used [0x00000007d8880000,0x00000007d8880000,0x00000007d8da0000)
 ParOldGen       total 84800K, used 0K [0x0000000783c00000, 0x0000000788ed0000, 0x00000007d6960000)
  object space 84800K, 0% used [0x0000000783c00000,0x0000000783c00000,0x0000000788ed0000)
 PSPermGen       total 21248K, used 15810K [0x000000077ea00000, 0x000000077fec0000, 0x0000000783c00000)
  object space 21248K, 74% used [0x000000077ea00000,0x000000077f970910,0x000000077fec0000)
Event: 3.683 GC heap after
Heap after GC invocations=1 (full 0):
 PSYoungGen      total 37120K, used 5245K [0x00000007d6960000, 0x00000007d92c0000, 0x0000000800000000)
  eden space 31872K, 0% used [0x00000007d6960000,0x00000007d6960000,0x00000007d8880000)
  from space 5248K, 99% used [0x00000007d8880000,0x00000007d8d9f6f0,0x00000007d8da0000)
  to   space 5248K, 0% used [0x00000007d8da0000,0x00000007d8da0000,0x00000007d92c0000)
 ParOldGen       total 84800K, used 5671K [0x0000000783c00000, 0x0000000788ed0000, 0x00000007d6960000)
  object space 84800K, 6% used [0x0000000783c00000,0x0000000784189ec0,0x0000000788ed0000)
 PSPermGen       total 21248K, used 15810K [0x000000077ea00000, 0x000000077fec0000, 0x0000000783c00000)
  object space 21248K, 74% used [0x000000077ea00000,0x000000077f970910,0x000000077fec0000)
}
Event: 4.307 GC heap before
{Heap before GC invocations=2 (full 0):
 PSYoungGen      total 37120K, used 37117K [0x00000007d6960000, 0x00000007d92c0000, 0x0000000800000000)
  eden space 31872K, 100% used [0x00000007d6960000,0x00000007d8880000,0x00000007d8880000)
  from space 5248K, 99% used [0x00000007d8880000,0x00000007d8d9f6f0,0x00000007d8da0000)
  to   space 5248K, 0% used [0x00000007d8da0000,0x00000007d8da0000,0x00000007d92c0000)
 ParOldGen       total 84800K, used 5671K [0x0000000783c00000, 0x0000000788ed0000, 0x00000007d6960000)
  object space 84800K, 6% used [0x0000000783c00000,0x0000000784189ec0,0x0000000788ed0000)
 PSPermGen       total 21248K, used 16354K [0x000000077ea00000, 0x000000077fec0000, 0x0000000783c00000)
  object space 21248K, 76% used [0x000000077ea00000,0x000000077f9f8b18,0x000000077fec0000)
Event: 4.313 GC heap after
Heap after GC invocations=2 (full 0):
 PSYoungGen      total 37120K, used 5234K [0x00000007d6960000, 0x00000007d92c0000, 0x0000000800000000)
  eden space 31872K, 0% used [0x00000007d6960000,0x00000007d6960000,0x00000007d8880000)
  from space 5248K, 99% used [0x00000007d8da0000,0x00000007d92bc840,0x00000007d92c0000)
  to   space 5248K, 0% used [0x00000007d8880000,0x00000007d8880000,0x00000007d8da0000)
 ParOldGen       total 84800K, used 10811K [0x0000000783c00000, 0x0000000788ed0000, 0x00000007d6960000)
  object space 84800K, 12% used [0x0000000783c00000,0x000000078468ee18,0x0000000788ed0000)
 PSPermGen       total 21248K, used 16354K [0x000000077ea00000, 0x000000077fec0000, 0x0000000783c00000)
  object space 21248K, 76% used [0x000000077ea00000,0x000000077f9f8b18,0x000000077fec0000)
}

