# JRE version: Java(TM) SE Runtime Environment (7.0_45-b18) (build 1.7.0_45-b18)
# Java VM: Java HotSpot(TM) 64-Bit Server VM (24.45-b08 mixed mode windows-amd64 compressed oops)
Heap
 PSYoungGen      total 40448K, used 26219K [0x00000000eaa80000, 0x00000000ed580000, 0x0000000100000000)
  eden space 38912K, 64% used [0x00000000eaa80000,0x00000000ec325b28,0x00000000ed080000)
  from space 1536K, 63% used [0x00000000ed400000,0x00000000ed4f54b0,0x00000000ed580000)
  to   space 2560K, 0% used [0x00000000ed080000,0x00000000ed080000,0x00000000ed300000)
 ParOldGen       total 66048K, used 10203K [0x00000000c0000000, 0x00000000c4080000, 0x00000000eaa80000)
  object space 66048K, 15% used [0x00000000c0000000,0x00000000c09f6d58,0x00000000c4080000)
 PSPermGen       total 29184K, used 15686K [0x00000000bae00000, 0x00000000bca80000, 0x00000000c0000000)
  object space 29184K, 53% used [0x00000000bae00000,0x00000000bbd51b60,0x00000000bca80000)
GC Heap History (10 events):
Event: 1.227 GC heap before
{Heap before GC invocations=1 (full 0):
 PSYoungGen      total 19456K, used 16896K [0x00000000eaa80000, 0x00000000ec000000, 0x0000000100000000)
  eden space 16896K, 100% used [0x00000000eaa80000,0x00000000ebb00000,0x00000000ebb00000)
  from space 2560K, 0% used [0x00000000ebd80000,0x00000000ebd80000,0x00000000ec000000)
  to   space 2560K, 0% used [0x00000000ebb00000,0x00000000ebb00000,0x00000000ebd80000)
 ParOldGen       total 43520K, used 0K [0x00000000c0000000, 0x00000000c2a80000, 0x00000000eaa80000)
  object space 43520K, 0% used [0x00000000c0000000,0x00000000c0000000,0x00000000c2a80000)
 PSPermGen       total 21504K, used 9877K [0x00000000bae00000, 0x00000000bc300000, 0x00000000c0000000)
  object space 21504K, 45% used [0x00000000bae00000,0x00000000bb7a5578,0x00000000bc300000)
Event: 1.245 GC heap after
Heap after GC invocations=1 (full 0):
 PSYoungGen      total 19456K, used 2544K [0x00000000eaa80000, 0x00000000ed080000, 0x0000000100000000)
  eden space 16896K, 0% used [0x00000000eaa80000,0x00000000eaa80000,0x00000000ebb00000)
  from space 2560K, 99% used [0x00000000ebb00000,0x00000000ebd7c030,0x00000000ebd80000)
  to   space 2560K, 0% used [0x00000000ece00000,0x00000000ece00000,0x00000000ed080000)
 ParOldGen       total 43520K, used 20081K [0x00000000c0000000, 0x00000000c2a80000, 0x00000000eaa80000)
  object space 43520K, 46% used [0x00000000c0000000,0x00000000c139c630,0x00000000c2a80000)
 PSPermGen       total 21504K, used 9877K [0x00000000bae00000, 0x00000000bc300000, 0x00000000c0000000)
  object space 21504K, 45% used [0x00000000bae00000,0x00000000bb7a5578,0x00000000bc300000)
}
Event: 1.946 GC heap before
{Heap before GC invocations=2 (full 0):
 PSYoungGen      total 19456K, used 19440K [0x00000000eaa80000, 0x00000000ed080000, 0x0000000100000000)
  eden space 16896K, 100% used [0x00000000eaa80000,0x00000000ebb00000,0x00000000ebb00000)
  from space 2560K, 99% used [0x00000000ebb00000,0x00000000ebd7c030,0x00000000ebd80000)
  to   space 2560K, 0% used [0x00000000ece00000,0x00000000ece00000,0x00000000ed080000)
 ParOldGen       total 43520K, used 20081K [0x00000000c0000000, 0x00000000c2a80000, 0x00000000eaa80000)
  object space 43520K, 46% used [0x00000000c0000000,0x00000000c139c630,0x00000000c2a80000)
 PSPermGen       total 21504K, used 14588K [0x00000000bae00000, 0x00000000bc300000, 0x00000000c0000000)
  object space 21504K, 67% used [0x00000000bae00000,0x00000000bbc3f350,0x00000000bc300000)
Event: 1.958 GC heap after
Heap after GC invocations=2 (full 0):
 PSYoungGen      total 36352K, used 2544K [0x00000000eaa80000, 0x00000000ed080000, 0x0000000100000000)
  eden space 33792K, 0% used [0x00000000eaa80000,0x00000000eaa80000,0x00000000ecb80000)
  from space 2560K, 99% used [0x00000000ece00000,0x00000000ed07c050,0x00000000ed080000)
  to   space 2560K, 0% used [0x00000000ecb80000,0x00000000ecb80000,0x00000000ece00000)
 ParOldGen       total 43520K, used 21366K [0x00000000c0000000, 0x00000000c2a80000, 0x00000000eaa80000)
  object space 43520K, 49% used [0x00000000c0000000,0x00000000c14dd810,0x00000000c2a80000)
 PSPermGen       total 21504K, used 14588K [0x00000000bae00000, 0x00000000bc300000, 0x00000000c0000000)
  object space 21504K, 67% used [0x00000000bae00000,0x00000000bbc3f350,0x00000000bc300000)
}
Event: 1.958 GC heap before
{Heap before GC invocations=3 (full 1):
 PSYoungGen      total 36352K, used 2544K [0x00000000eaa80000, 0x00000000ed080000, 0x0000000100000000)
  eden space 33792K, 0% used [0x00000000eaa80000,0x00000000eaa80000,0x00000000ecb80000)
  from space 2560K, 99% used [0x00000000ece00000,0x00000000ed07c050,0x00000000ed080000)
  to   space 2560K, 0% used [0x00000000ecb80000,0x00000000ecb80000,0x00000000ece00000)
 ParOldGen       total 43520K, used 21366K [0x00000000c0000000, 0x00000000c2a80000, 0x00000000eaa80000)
  object space 43520K, 49% used [0x00000000c0000000,0x00000000c14dd810,0x00000000c2a80000)
 PSPermGen       total 21504K, used 14588K [0x00000000bae00000, 0x00000000bc300000, 0x00000000c0000000)
  object space 21504K, 67% used [0x00000000bae00000,0x00000000bbc3f350,0x00000000bc300000)
Event: 2.094 GC heap after
Heap after GC invocations=3 (full 1):
 PSYoungGen      total 36352K, used 0K [0x00000000eaa80000, 0x00000000ed080000, 0x0000000100000000)
  eden space 33792K, 0% used [0x00000000eaa80000,0x00000000eaa80000,0x00000000ecb80000)
  from space 2560K, 0% used [0x00000000ece00000,0x00000000ece00000,0x00000000ed080000)
  to   space 2560K, 0% used [0x00000000ecb80000,0x00000000ecb80000,0x00000000ece00000)
 ParOldGen       total 66048K, used 10203K [0x00000000c0000000, 0x00000000c4080000, 0x00000000eaa80000)
  object space 66048K, 15% used [0x00000000c0000000,0x00000000c09f6d58,0x00000000c4080000)
 PSPermGen       total 29184K, used 14585K [0x00000000bae00000, 0x00000000bca80000, 0x00000000c0000000)
  object space 29184K, 49% used [0x00000000bae00000,0x00000000bbc3e600,0x00000000bca80000)
}
Event: 4.061 GC heap before
{Heap before GC invocations=4 (full 1):
 PSYoungGen      total 36352K, used 33792K [0x00000000eaa80000, 0x00000000ed080000, 0x0000000100000000)
  eden space 33792K, 100% used [0x00000000eaa80000,0x00000000ecb80000,0x00000000ecb80000)
  from space 2560K, 0% used [0x00000000ece00000,0x00000000ece00000,0x00000000ed080000)
  to   space 2560K, 0% used [0x00000000ecb80000,0x00000000ecb80000,0x00000000ece00000)
 ParOldGen       total 66048K, used 10203K [0x00000000c0000000, 0x00000000c4080000, 0x00000000eaa80000)
  object space 66048K, 15% used [0x00000000c0000000,0x00000000c09f6d58,0x00000000c4080000)
 PSPermGen       total 29184K, used 15232K [0x00000000bae00000, 0x00000000bca80000, 0x00000000c0000000)
  object space 29184K, 52% used [0x00000000bae00000,0x00000000bbce01b8,0x00000000bca80000)
Event: 4.079 GC heap after
Heap after GC invocations=4 (full 1):
 PSYoungGen      total 36352K, used 849K [0x00000000eaa80000, 0x00000000ed680000, 0x0000000100000000)
  eden space 33792K, 0% used [0x00000000eaa80000,0x00000000eaa80000,0x00000000ecb80000)
  from space 2560K, 33% used [0x00000000ecb80000,0x00000000ecc54600,0x00000000ece00000)
  to   space 2560K, 0% used [0x00000000ed400000,0x00000000ed400000,0x00000000ed680000)
 ParOldGen       total 66048K, used 10203K [0x00000000c0000000, 0x00000000c4080000, 0x00000000eaa80000)
  object space 66048K, 15% used [0x00000000c0000000,0x00000000c09f6d58,0x00000000c4080000)
 PSPermGen       total 29184K, used 15232K [0x00000000bae00000, 0x00000000bca80000, 0x00000000c0000000)
  object space 29184K, 52% used [0x00000000bae00000,0x00000000bbce01b8,0x00000000bca80000)
}
Event: 6.021 GC heap before
{Heap before GC invocations=5 (full 1):
 PSYoungGen      total 36352K, used 34641K [0x00000000eaa80000, 0x00000000ed680000, 0x0000000100000000)
  eden space 33792K, 100% used [0x00000000eaa80000,0x00000000ecb80000,0x00000000ecb80000)
  from space 2560K, 33% used [0x00000000ecb80000,0x00000000ecc54600,0x00000000ece00000)
  to   space 2560K, 0% used [0x00000000ed400000,0x00000000ed400000,0x00000000ed680000)
 ParOldGen       total 66048K, used 10203K [0x00000000c0000000, 0x00000000c4080000, 0x00000000eaa80000)
  object space 66048K, 15% used [0x00000000c0000000,0x00000000c09f6d58,0x00000000c4080000)
 PSPermGen       total 29184K, used 15595K [0x00000000bae00000, 0x00000000bca80000, 0x00000000c0000000)
  object space 29184K, 53% used [0x00000000bae00000,0x00000000bbd3ac80,0x00000000bca80000)
Event: 6.025 GC heap after
Heap after GC invocations=5 (full 1):
 PSYoungGen      total 40448K, used 981K [0x00000000eaa80000, 0x00000000ed580000, 0x0000000100000000)
  eden space 38912K, 0% used [0x00000000eaa80000,0x00000000eaa80000,0x00000000ed080000)
  from space 1536K, 63% used [0x00000000ed400000,0x00000000ed4f54b0,0x00000000ed580000)
  to   space 2560K, 0% used [0x00000000ed080000,0x00000000ed080000,0x00000000ed300000)
 ParOldGen       total 66048K, used 10203K [0x00000000c0000000, 0x00000000c4080000, 0x00000000eaa80000)
  object space 66048K, 15% used [0x00000000c0000000,0x00000000c09f6d58,0x00000000c4080000)
 PSPermGen       total 29184K, used 15595K [0x00000000bae00000, 0x00000000bca80000, 0x00000000c0000000)
  object space 29184K, 53% used [0x00000000bae00000,0x00000000bbd3ac80,0x00000000bca80000)
}

