# JRE version: Java(TM) SE Runtime Environment (7.0_45-b18) (build 1.7.0_45-b18)
# Java VM: Java HotSpot(TM) 64-Bit Server VM (24.45-b08 mixed mode windows-amd64 compressed oops)
Heap
 PSYoungGen      total 40960K, used 3672K [0x00000000eaa80000, 0x00000000ed580000, 0x0000000100000000)
  eden space 38912K, 6% used [0x00000000eaa80000,0x00000000eace9088,0x00000000ed080000)
  from space 2048K, 58% used [0x00000000ed380000,0x00000000ed4ad090,0x00000000ed580000)
  to   space 2560K, 0% used [0x00000000ed080000,0x00000000ed080000,0x00000000ed300000)
 ParOldGen       total 66048K, used 15507K [0x00000000c0000000, 0x00000000c4080000, 0x00000000eaa80000)
  object space 66048K, 23% used [0x00000000c0000000,0x00000000c0f24f08,0x00000000c4080000)
 PSPermGen       total 29696K, used 15687K [0x00000000bae00000, 0x00000000bcb00000, 0x00000000c0000000)
  object space 29696K, 52% used [0x00000000bae00000,0x00000000bbd51d88,0x00000000bcb00000)
GC Heap History (10 events):
Event: 1.223 GC heap before
{Heap before GC invocations=1 (full 0):
 PSYoungGen      total 19456K, used 16896K [0x00000000eaa80000, 0x00000000ec000000, 0x0000000100000000)
  eden space 16896K, 100% used [0x00000000eaa80000,0x00000000ebb00000,0x00000000ebb00000)
  from space 2560K, 0% used [0x00000000ebd80000,0x00000000ebd80000,0x00000000ec000000)
  to   space 2560K, 0% used [0x00000000ebb00000,0x00000000ebb00000,0x00000000ebd80000)
 ParOldGen       total 43520K, used 0K [0x00000000c0000000, 0x00000000c2a80000, 0x00000000eaa80000)
  object space 43520K, 0% used [0x00000000c0000000,0x00000000c0000000,0x00000000c2a80000)
 PSPermGen       total 21504K, used 9881K [0x00000000bae00000, 0x00000000bc300000, 0x00000000c0000000)
  object space 21504K, 45% used [0x00000000bae00000,0x00000000bb7a67e8,0x00000000bc300000)
Event: 1.241 GC heap after
Heap after GC invocations=1 (full 0):
 PSYoungGen      total 19456K, used 2544K [0x00000000eaa80000, 0x00000000ed080000, 0x0000000100000000)
  eden space 16896K, 0% used [0x00000000eaa80000,0x00000000eaa80000,0x00000000ebb00000)
  from space 2560K, 99% used [0x00000000ebb00000,0x00000000ebd7c050,0x00000000ebd80000)
  to   space 2560K, 0% used [0x00000000ece00000,0x00000000ece00000,0x00000000ed080000)
 ParOldGen       total 43520K, used 20075K [0x00000000c0000000, 0x00000000c2a80000, 0x00000000eaa80000)
  object space 43520K, 46% used [0x00000000c0000000,0x00000000c139ac50,0x00000000c2a80000)
 PSPermGen       total 21504K, used 9881K [0x00000000bae00000, 0x00000000bc300000, 0x00000000c0000000)
  object space 21504K, 45% used [0x00000000bae00000,0x00000000bb7a67e8,0x00000000bc300000)
}
Event: 1.982 GC heap before
{Heap before GC invocations=2 (full 0):
 PSYoungGen      total 19456K, used 19440K [0x00000000eaa80000, 0x00000000ed080000, 0x0000000100000000)
  eden space 16896K, 100% used [0x00000000eaa80000,0x00000000ebb00000,0x00000000ebb00000)
  from space 2560K, 99% used [0x00000000ebb00000,0x00000000ebd7c050,0x00000000ebd80000)
  to   space 2560K, 0% used [0x00000000ece00000,0x00000000ece00000,0x00000000ed080000)
 ParOldGen       total 43520K, used 20075K [0x00000000c0000000, 0x00000000c2a80000, 0x00000000eaa80000)
  object space 43520K, 46% used [0x00000000c0000000,0x00000000c139ac50,0x00000000c2a80000)
 PSPermGen       total 21504K, used 14628K [0x00000000bae00000, 0x00000000bc300000, 0x00000000c0000000)
  object space 21504K, 68% used [0x00000000bae00000,0x00000000bbc49258,0x00000000bc300000)
Event: 1.993 GC heap after
Heap after GC invocations=2 (full 0):
 PSYoungGen      total 36352K, used 2544K [0x00000000eaa80000, 0x00000000ed080000, 0x0000000100000000)
  eden space 33792K, 0% used [0x00000000eaa80000,0x00000000eaa80000,0x00000000ecb80000)
  from space 2560K, 99% used [0x00000000ece00000,0x00000000ed07c050,0x00000000ed080000)
  to   space 2560K, 0% used [0x00000000ecb80000,0x00000000ecb80000,0x00000000ece00000)
 ParOldGen       total 43520K, used 21367K [0x00000000c0000000, 0x00000000c2a80000, 0x00000000eaa80000)
  object space 43520K, 49% used [0x00000000c0000000,0x00000000c14dde08,0x00000000c2a80000)
 PSPermGen       total 21504K, used 14628K [0x00000000bae00000, 0x00000000bc300000, 0x00000000c0000000)
  object space 21504K, 68% used [0x00000000bae00000,0x00000000bbc49258,0x00000000bc300000)
}
Event: 1.993 GC heap before
{Heap before GC invocations=3 (full 1):
 PSYoungGen      total 36352K, used 2544K [0x00000000eaa80000, 0x00000000ed080000, 0x0000000100000000)
  eden space 33792K, 0% used [0x00000000eaa80000,0x00000000eaa80000,0x00000000ecb80000)
  from space 2560K, 99% used [0x00000000ece00000,0x00000000ed07c050,0x00000000ed080000)
  to   space 2560K, 0% used [0x00000000ecb80000,0x00000000ecb80000,0x00000000ece00000)
 ParOldGen       total 43520K, used 21367K [0x00000000c0000000, 0x00000000c2a80000, 0x00000000eaa80000)
  object space 43520K, 49% used [0x00000000c0000000,0x00000000c14dde08,0x00000000c2a80000)
 PSPermGen       total 21504K, used 14628K [0x00000000bae00000, 0x00000000bc300000, 0x00000000c0000000)
  object space 21504K, 68% used [0x00000000bae00000,0x00000000bbc49258,0x00000000bc300000)
Event: 2.112 GC heap after
Heap after GC invocations=3 (full 1):
 PSYoungGen      total 36352K, used 0K [0x00000000eaa80000, 0x00000000ed080000, 0x0000000100000000)
  eden space 33792K, 0% used [0x00000000eaa80000,0x00000000eaa80000,0x00000000ecb80000)
  from space 2560K, 0% used [0x00000000ece00000,0x00000000ece00000,0x00000000ed080000)
  to   space 2560K, 0% used [0x00000000ecb80000,0x00000000ecb80000,0x00000000ece00000)
 ParOldGen       total 66048K, used 10224K [0x00000000c0000000, 0x00000000c4080000, 0x00000000eaa80000)
  object space 66048K, 15% used [0x00000000c0000000,0x00000000c09fc138,0x00000000c4080000)
 PSPermGen       total 29696K, used 14625K [0x00000000bae00000, 0x00000000bcb00000, 0x00000000c0000000)
  object space 29696K, 49% used [0x00000000bae00000,0x00000000bbc48528,0x00000000bcb00000)
}
Event: 4.082 GC heap before
{Heap before GC invocations=4 (full 1):
 PSYoungGen      total 36352K, used 33792K [0x00000000eaa80000, 0x00000000ed080000, 0x0000000100000000)
  eden space 33792K, 100% used [0x00000000eaa80000,0x00000000ecb80000,0x00000000ecb80000)
  from space 2560K, 0% used [0x00000000ece00000,0x00000000ece00000,0x00000000ed080000)
  to   space 2560K, 0% used [0x00000000ecb80000,0x00000000ecb80000,0x00000000ece00000)
 ParOldGen       total 66048K, used 10224K [0x00000000c0000000, 0x00000000c4080000, 0x00000000eaa80000)
  object space 66048K, 15% used [0x00000000c0000000,0x00000000c09fc158,0x00000000c4080000)
 PSPermGen       total 29696K, used 15226K [0x00000000bae00000, 0x00000000bcb00000, 0x00000000c0000000)
  object space 29696K, 51% used [0x00000000bae00000,0x00000000bbcdeaf8,0x00000000bcb00000)
Event: 4.090 GC heap after
Heap after GC invocations=4 (full 1):
 PSYoungGen      total 36352K, used 836K [0x00000000eaa80000, 0x00000000ed600000, 0x0000000100000000)
  eden space 33792K, 0% used [0x00000000eaa80000,0x00000000eaa80000,0x00000000ecb80000)
  from space 2560K, 32% used [0x00000000ecb80000,0x00000000ecc51108,0x00000000ece00000)
  to   space 2560K, 0% used [0x00000000ed380000,0x00000000ed380000,0x00000000ed600000)
 ParOldGen       total 66048K, used 10224K [0x00000000c0000000, 0x00000000c4080000, 0x00000000eaa80000)
  object space 66048K, 15% used [0x00000000c0000000,0x00000000c09fc158,0x00000000c4080000)
 PSPermGen       total 29696K, used 15226K [0x00000000bae00000, 0x00000000bcb00000, 0x00000000c0000000)
  object space 29696K, 51% used [0x00000000bae00000,0x00000000bbcdeaf8,0x00000000bcb00000)
}
Event: 5.668 GC heap before
{Heap before GC invocations=5 (full 1):
 PSYoungGen      total 36352K, used 34628K [0x00000000eaa80000, 0x00000000ed600000, 0x0000000100000000)
  eden space 33792K, 100% used [0x00000000eaa80000,0x00000000ecb80000,0x00000000ecb80000)
  from space 2560K, 32% used [0x00000000ecb80000,0x00000000ecc51108,0x00000000ece00000)
  to   space 2560K, 0% used [0x00000000ed380000,0x00000000ed380000,0x00000000ed600000)
 ParOldGen       total 66048K, used 10226K [0x00000000c0000000, 0x00000000c4080000, 0x00000000eaa80000)
  object space 66048K, 15% used [0x00000000c0000000,0x00000000c09fc938,0x00000000c4080000)
 PSPermGen       total 29696K, used 15643K [0x00000000bae00000, 0x00000000bcb00000, 0x00000000c0000000)
  object space 29696K, 52% used [0x00000000bae00000,0x00000000bbd46e80,0x00000000bcb00000)
Event: 5.679 GC heap after
Heap after GC invocations=5 (full 1):
 PSYoungGen      total 40960K, used 1204K [0x00000000eaa80000, 0x00000000ed580000, 0x0000000100000000)
  eden space 38912K, 0% used [0x00000000eaa80000,0x00000000eaa80000,0x00000000ed080000)
  from space 2048K, 58% used [0x00000000ed380000,0x00000000ed4ad090,0x00000000ed580000)
  to   space 2560K, 0% used [0x00000000ed080000,0x00000000ed080000,0x00000000ed300000)
 ParOldGen       total 66048K, used 15507K [0x00000000c0000000, 0x00000000c4080000, 0x00000000eaa80000)
  object space 66048K, 23% used [0x00000000c0000000,0x00000000c0f24f08,0x00000000c4080000)
 PSPermGen       total 29696K, used 15643K [0x00000000bae00000, 0x00000000bcb00000, 0x00000000c0000000)
  object space 29696K, 52% used [0x00000000bae00000,0x00000000bbd46e80,0x00000000bcb00000)
}

